Build started 16/10/2015 22:36:38.
     1>Project "C:\Users\Philippe\Desktop\Philipp_Efimov_Solar_System\Philipp_Efimov_Solar_System\Philipp_Efimov_Solar_System.vcxproj" on node 2 (Build target(s)).
     1>ClCompile:
         C:\Program Files (x86)\Microsoft Visual Studio 12.0\VC\bin\CL.exe /c /IC:\Users\Philippe\Desktop\Philipp_Efimov_Solar_System\Philipp_Efimov_Solar_System\/Dependencies/Include /ZI /nologo /W3 /WX- /Od /Oy- /D WIN32 /D _DEBUG /D _CONSOLE /D _UNICODE /D UNICODE /Gm /EHsc /RTC1 /MDd /GS /fp:precise /Zc:wchar_t /Zc:forScope /Fo"Debug\\" /Fd"Debug\vc120.pdb" /Gd /TP /analyze- /errorReport:prompt Main.cpp
         Main.cpp
     1>c:\users\philippe\desktop\philipp_efimov_solar_system\philipp_efimov_solar_system\main.cpp(117): warning C4305: 'argument' : truncation from 'double' to 'float'
     1>c:\users\philippe\desktop\philipp_efimov_solar_system\philipp_efimov_solar_system\main.cpp(123): warning C4305: 'argument' : truncation from 'double' to 'float'
     1>c:\users\philippe\desktop\philipp_efimov_solar_system\philipp_efimov_solar_system\main.cpp(128): warning C4305: 'argument' : truncation from 'double' to 'float'
     1>c:\users\philippe\desktop\philipp_efimov_solar_system\philipp_efimov_solar_system\main.cpp(132): warning C4305: 'argument' : truncation from 'double' to 'float'
       Link:
         C:\Program Files (x86)\Microsoft Visual Studio 12.0\VC\bin\link.exe /ERRORREPORT:PROMPT /OUT:"C:\Users\Philippe\Desktop\Philipp_Efimov_Solar_System\Debug\Philipp_Efimov_Solar_System.exe" /INCREMENTAL /NOLOGO /LIBPATH:C:\Users\Philippe\Desktop\Philipp_Efimov_Solar_System\Philipp_Efimov_Solar_System\Dependencies\Include\GLLib freeglut.lib SOIL.lib kernel32.lib user32.lib gdi32.lib winspool.lib comdlg32.lib advapi32.lib shell32.lib ole32.lib oleaut32.lib uuid.lib odbc32.lib odbccp32.lib /MANIFEST /MANIFESTUAC:"level='asInvoker' uiAccess='false'" /manifest:embed /DEBUG /PDB:"C:\Users\Philippe\Desktop\Philipp_Efimov_Solar_System\Debug\Philipp_Efimov_Solar_System.pdb" /SUBSYSTEM:CONSOLE /TLBID:1 /DYNAMICBASE /NXCOMPAT /IMPLIB:"C:\Users\Philippe\Desktop\Philipp_Efimov_Solar_System\Debug\Philipp_Efimov_Solar_System.lib" /MACHINE:X86 Debug\Main.obj
         Debug\Planet.obj
     1>SOIL.lib(image_DXT.obj) : warning LNK4099: PDB 'vc100.pdb' was not found with 'SOIL.lib(image_DXT.obj)' or at 'C:\Users\Philippe\Desktop\Philipp_Efimov_Solar_System\Debug\vc100.pdb'; linking object as if no debug info
     1>SOIL.lib(image_helper.obj) : warning LNK4099: PDB 'vc100.pdb' was not found with 'SOIL.lib(image_helper.obj)' or at 'C:\Users\Philippe\Desktop\Philipp_Efimov_Solar_System\Debug\vc100.pdb'; linking object as if no debug info
     1>SOIL.lib(SOIL.obj) : warning LNK4099: PDB 'vc100.pdb' was not found with 'SOIL.lib(SOIL.obj)' or at 'C:\Users\Philippe\Desktop\Philipp_Efimov_Solar_System\Debug\vc100.pdb'; linking object as if no debug info
     1>SOIL.lib(stb_image_aug.obj) : warning LNK4099: PDB 'vc100.pdb' was not found with 'SOIL.lib(stb_image_aug.obj)' or at 'C:\Users\Philippe\Desktop\Philipp_Efimov_Solar_System\Debug\vc100.pdb'; linking object as if no debug info
         Philipp_Efimov_Solar_System.vcxproj -> C:\Users\Philippe\Desktop\Philipp_Efimov_Solar_System\Debug\Philipp_Efimov_Solar_System.exe
     1>Done Building Project "C:\Users\Philippe\Desktop\Philipp_Efimov_Solar_System\Philipp_Efimov_Solar_System\Philipp_Efimov_Solar_System.vcxproj" (Build target(s)).

Build succeeded.

Time Elapsed 00:00:00.91
